FNReader: лог изменений

Version 4.13:
- Первый информационный релиз программы. Актуальный набор непубликуемых ранее изменений следующий:
• Исправлено чтение признака и способа расчёта;
• Добавлена поддержка флагов подакцизных товаров и азартных игр;
• Добавлена поддержка реквизита «код товара» (код маркировки);
• Добавлена поддержка реквизита «ИНН кассира»;
• Добавлена поддержка реквизита «ставка НДС товара»;
• Добавлена полная поддержка реквизита «причина перерегистрации»;
• Увеличен размер текстовых буферов (для длинных чеков);
• Добавлено отображение наименования ОФД и модели ФН

Version 4.14:
- Применены некоторые исправления в исходном коде программы

Version 5.1:
- Прекращена поддержка формата дампа версии 3;
- Переработан алгоритм запроса данных регистрации ФН: теперь
  программа запрашивает все доступные реквизиты всех регистраций

Version 5.2:
- Существенно переработан код программы;
- Улучшена и унифицирована обработка и отображение реквизитов регистраций и чеков;
- Улучшено отображение реквизитов документов при чтении из дампов; расширено число
  отображаемых полей

Version 5.2.2:
- Применены общие улучшения и реорганизация кода программы;
- Открыт функционал расчёта CRC32;
- Добавлена пояснительная подпись в окно состояния при загрузке дампа ФН;
- Исправлена ошибка формирования статуса ФН при чтении из COM-порта
